#
# There is insufficient memory for the Java Runtime Environment to continue.
# Native memory allocation (mmap) failed to map 71827456 bytes for committing reserved memory.
# Possible reasons:
#   The system is out of physical RAM or swap space
#   In 32 bit mode, the process size limit was hit
# Possible solutions:
#   Reduce memory load on the system
#   Increase physical memory or swap space
#   Check if swap backing store is full
#   Use 64 bit Java on a 64 bit OS
#   Decrease Java heap size (-Xmx/-Xms)
#   Decrease number of Java threads
#   Decrease Java thread stack sizes (-Xss)
#   Set larger code cache with -XX:ReservedCodeCacheSize=
# This output file may be truncated or incomplete.
#
#  Out of Memory Error (os_linux.cpp:2640), pid=10815, tid=0x00007fc4bcc2a700
#
# JRE version: Java(TM) SE Runtime Environment (8.0_171-b11) (build 1.8.0_171-b11)
# Java VM: Java HotSpot(TM) 64-Bit Server VM (25.171-b11 mixed mode linux-amd64 compressed oops)
# Failed to write core dump. Core dumps have been disabled. To enable core dumping, try "ulimit -c unlimited" before starting Java again
#

---------------  T H R E A D  ---------------

Current thread (0x00007fc4d0079000):  VMThread [stack: 0x00007fc4bcb2a000,0x00007fc4bcc2b000] [id=10821]

Stack: [0x00007fc4bcb2a000,0x00007fc4bcc2b000],  sp=0x00007fc4bcc291a0,  free space=1020k
Native frames: (J=compiled Java code, j=interpreted, Vv=VM code, C=native code)
V  [libjvm.so+0xacfffa]  VMError::report_and_die()+0x2ba
V  [libjvm.so+0x5005cb]  report_vm_out_of_memory(char const*, int, unsigned long, VMErrorType, char const*)+0x8b
V  [libjvm.so+0x92dd93]  os::Linux::commit_memory_impl(char*, unsigned long, bool)+0x123
V  [libjvm.so+0x92dfb9]  os::pd_commit_memory(char*, unsigned long, unsigned long, bool)+0x29
V  [libjvm.so+0x92527a]  os::commit_memory(char*, unsigned long, unsigned long, bool)+0x2a
V  [libjvm.so+0x99b223]  PSVirtualSpace::expand_by(unsigned long)+0x53
V  [libjvm.so+0x99c628]  PSYoungGen::resize_generation(unsigned long, unsigned long)+0xf8
V  [libjvm.so+0x99b782]  PSYoungGen::resize(unsigned long, unsigned long)+0x22
V  [libjvm.so+0x998a5b]  PSScavenge::invoke_no_policy()+0xf3b
V  [libjvm.so+0x9991e1]  PSScavenge::invoke()+0x41
V  [libjvm.so+0x94fcb0]  ParallelScavengeHeap::failed_mem_allocate(unsigned long)+0x70
V  [libjvm.so+0xad1a77]  VM_ParallelGCFailedAllocation::doit()+0x97
V  [libjvm.so+0xad9595]  VM_Operation::evaluate()+0x55
V  [libjvm.so+0xad795a]  VMThread::evaluate_operation(VM_Operation*)+0xba
V  [libjvm.so+0xad7cde]  VMThread::loop()+0x1ce
V  [libjvm.so+0xad8150]  VMThread::run()+0x70
V  [libjvm.so+0x92e0f8]  java_start(Thread*)+0x108

VM_Operation (0x00007fc4b42ecb40): ParallelGCFailedAllocation, mode: safepoint, requested by thread 0x00007fc460003800


---------------  P R O C E S S  ---------------

Java Threads: ( => current thread )
  0x00007fc46c159800 JavaThread "pool-2-thread-4" [_thread_blocked, id=10879, stack(0x00007fc4afdfe000,0x00007fc4afeff000)]
  0x00007fc464003800 JavaThread "pool-2-thread-2" [_thread_blocked, id=10878, stack(0x00007fc4afeff000,0x00007fc4b0000000)]
  0x00007fc468016800 JavaThread "pool-2-thread-3" [_thread_blocked, id=10877, stack(0x00007fc4b40ed000,0x00007fc4b41ee000)]
  0x00007fc460003800 JavaThread "pool-2-thread-1" [_thread_blocked, id=10876, stack(0x00007fc4b41ee000,0x00007fc4b42ef000)]
  0x00007fc474008800 JavaThread "pool-1-thread-4" [_thread_blocked, id=10843, stack(0x00007fc4b44ef000,0x00007fc4b45f0000)]
  0x00007fc474007000 JavaThread "pool-1-thread-3" [_thread_blocked, id=10842, stack(0x00007fc4b45f0000,0x00007fc4b46f1000)]
  0x00007fc474005800 JavaThread "pool-1-thread-2" [_thread_blocked, id=10841, stack(0x00007fc4b46f1000,0x00007fc4b47f2000)]
  0x00007fc474003800 JavaThread "pool-1-thread-1" [_thread_blocked, id=10832, stack(0x00007fc4b47f2000,0x00007fc4b48f3000)]
  0x00007fc4d000b000 JavaThread "DestroyJavaVM" [_thread_blocked, id=10816, stack(0x00007fc4d6243000,0x00007fc4d6344000)]
  0x00007fc4d02f1800 JavaThread "Thread-3" [_thread_blocked, id=10831, stack(0x00007fc4b48f3000,0x00007fc4b49f4000)]
  0x00007fc4d02ec000 JavaThread "server-timer" daemon [_thread_blocked, id=10830, stack(0x00007fc4b49f4000,0x00007fc4b4af5000)]
  0x00007fc4d00ca000 JavaThread "Service Thread" daemon [_thread_blocked, id=10828, stack(0x00007fc4bc105000,0x00007fc4bc206000)]
  0x00007fc4d00bf000 JavaThread "C1 CompilerThread2" daemon [_thread_blocked, id=10827, stack(0x00007fc4bc206000,0x00007fc4bc307000)]
  0x00007fc4d00bd800 JavaThread "C2 CompilerThread1" daemon [_thread_blocked, id=10826, stack(0x00007fc4bc307000,0x00007fc4bc408000)]
  0x00007fc4d00ba800 JavaThread "C2 CompilerThread0" daemon [_thread_blocked, id=10825, stack(0x00007fc4bc408000,0x00007fc4bc509000)]
  0x00007fc4d00b9000 JavaThread "Signal Dispatcher" daemon [_thread_blocked, id=10824, stack(0x00007fc4bc509000,0x00007fc4bc60a000)]
  0x00007fc4d0085000 JavaThread "Finalizer" daemon [_thread_blocked, id=10823, stack(0x00007fc4bc928000,0x00007fc4bca29000)]
  0x00007fc4d0080800 JavaThread "Reference Handler" daemon [_thread_blocked, id=10822, stack(0x00007fc4bca29000,0x00007fc4bcb2a000)]

Other Threads:
=>0x00007fc4d0079000 VMThread [stack: 0x00007fc4bcb2a000,0x00007fc4bcc2b000] [id=10821]
  0x00007fc4d00cf000 WatcherThread [stack: 0x00007fc4bc004000,0x00007fc4bc105000] [id=10829]

VM state:at safepoint (normal execution)

VM Mutex/Monitor currently owned by a thread:  ([mutex/lock_event])
[0x00007fc4d00071f0] Threads_lock - owner thread: 0x00007fc4d0079000
[0x00007fc4d00076f0] Heap_lock - owner thread: 0x00007fc460003800

Heap:
 PSYoungGen      total 1110528K, used 2509K [0x000000076ab00000, 0x00000007af100000, 0x00000007c0000000)
  eden space 1106432K, 0% used [0x000000076ab00000,0x000000076ab00000,0x00000007ae380000)
  from space 4096K, 61% used [0x00000007ae900000,0x00000007aeb737c8,0x00000007aed00000)
  to   space 2048K, 0% used [0x00000007aef00000,0x00000007aef00000,0x00000007af100000)
 ParOldGen       total 1264128K, used 1132741K [0x00000006c0000000, 0x000000070d280000, 0x000000076ab00000)
  object space 1264128K, 89% used [0x00000006c0000000,0x00000007052314f0,0x000000070d280000)
 Metaspace       used 13581K, capacity 14106K, committed 14464K, reserved 1062912K
  class space    used 1404K, capacity 1545K, committed 1664K, reserved 1048576K

Card table byte_map: [0x00007fc4bf7b7000,0x00007fc4bffb8000] byte_map_base: 0x00007fc4bc1b7000

Marking Bits: (ParMarkBitMap*) 0x00007fc4d571c280
 Begin Bits: [0x00007fc498000000, 0x00007fc49c000000)
 End Bits:   [0x00007fc49c000000, 0x00007fc4a0000000)

Polling page: 0x00007fc4d636e000

CodeCache: size=245760Kb used=9887Kb max_used=9904Kb free=235872Kb
 bounds [0x00007fc4c0378000, 0x00007fc4c0d88000, 0x00007fc4cf378000]
 total_blobs=2633 nmethods=2260 adapters=286
 compilation: enabled

Compilation events (10 events):
Event: 89.645 Thread 0x00007fc4d00bd800 nmethod 3353 0x00007fc4c082f490 code [0x00007fc4c082f5e0, 0x00007fc4c082f6b8]
Event: 89.765 Thread 0x00007fc4d00bf000 3355       3       java.util.concurrent.locks.AbstractQueuedSynchronizer::compareAndSetWaitStatus (13 bytes)
Event: 89.784 Thread 0x00007fc4d00ba800 3356       4       java.util.Properties::getProperty (46 bytes)
Event: 89.852 Thread 0x00007fc4d00bf000 nmethod 3355 0x00007fc4c0928610 code [0x00007fc4c0928760, 0x00007fc4c09288b0]
Event: 89.951 Thread 0x00007fc4d00bf000 3357   !   3       java.io.BufferedReader::read (140 bytes)
Event: 90.009 Thread 0x00007fc4d00bd800 3358 % !   4       java.net.URLDecoder::decode @ 53 (321 bytes)
Event: 90.117 Thread 0x00007fc4d00bf000 nmethod 3357 0x00007fc4c0bbca10 code [0x00007fc4c0bbcc20, 0x00007fc4c0bbd668]
Event: 90.117 Thread 0x00007fc4d00ba800 nmethod 3356 0x00007fc4c0927a90 code [0x00007fc4c0927c00, 0x00007fc4c0928278]
Event: 90.512 Thread 0x00007fc4d00bf000 3359       1       java.util.stream.ReduceOps$Box::get (5 bytes)
Event: 90.781 Thread 0x00007fc4d00bf000 nmethod 3359 0x00007fc4c09277d0 code [0x00007fc4c0927920, 0x00007fc4c0927a30]

GC Heap History (10 events):
Event: 77.265 GC heap after
Heap after GC invocations=133 (full 9):
 PSYoungGen      total 1057792K, used 2731K [0x000000076ab00000, 0x00000007abb80000, 0x00000007c0000000)
  eden space 1054720K, 0% used [0x000000076ab00000,0x000000076ab00000,0x00000007ab100000)
  from space 3072K, 88% used [0x00000007ab880000,0x00000007abb2ad90,0x00000007abb80000)
  to   space 5120K, 0% used [0x00000007ab180000,0x00000007ab180000,0x00000007ab680000)
 ParOldGen       total 1264128K, used 1132669K [0x00000006c0000000, 0x000000070d280000, 0x000000076ab00000)
  object space 1264128K, 89% used [0x00000006c0000000,0x000000070521f4f0,0x000000070d280000)
 Metaspace       used 13578K, capacity 14106K, committed 14464K, reserved 1062912K
  class space    used 1404K, capacity 1545K, committed 1664K, reserved 1048576K
}
Event: 77.822 GC heap before
{Heap before GC invocations=134 (full 9):
 PSYoungGen      total 1057792K, used 1057451K [0x000000076ab00000, 0x00000007abb80000, 0x00000007c0000000)
  eden space 1054720K, 100% used [0x000000076ab00000,0x00000007ab100000,0x00000007ab100000)
  from space 3072K, 88% used [0x00000007ab880000,0x00000007abb2ad90,0x00000007abb80000)
  to   space 5120K, 0% used [0x00000007ab180000,0x00000007ab180000,0x00000007ab680000)
 ParOldGen       total 1264128K, used 1132669K [0x00000006c0000000, 0x000000070d280000, 0x000000076ab00000)
  object space 1264128K, 89% used [0x00000006c0000000,0x000000070521f4f0,0x000000070d280000)
 Metaspace       used 13578K, capacity 14106K, committed 14464K, reserved 1062912K
  class space    used 1404K, capacity 1545K, committed 1664K, reserved 1048576K
Event: 77.871 GC heap after
Heap after GC invocations=134 (full 9):
 PSYoungGen      total 1060352K, used 1931K [0x000000076ab00000, 0x00000007ad200000, 0x00000007c0000000)
  eden space 1055232K, 0% used [0x000000076ab00000,0x000000076ab00000,0x00000007ab180000)
  from space 5120K, 37% used [0x00000007ab180000,0x00000007ab362d80,0x00000007ab680000)
  to   space 5120K, 0% used [0x00000007acd00000,0x00000007acd00000,0x00000007ad200000)
 ParOldGen       total 1264128K, used 1132677K [0x00000006c0000000, 0x000000070d280000, 0x000000076ab00000)
  object space 1264128K, 89% used [0x00000006c0000000,0x00000007052214f0,0x000000070d280000)
 Metaspace       used 13578K, capacity 14106K, committed 14464K, reserved 1062912K
  class space    used 1404K, capacity 1545K, committed 1664K, reserved 1048576K
}
Event: 78.229 GC heap before
{Heap before GC invocations=135 (full 9):
 PSYoungGen      total 1060352K, used 1057163K [0x000000076ab00000, 0x00000007ad200000, 0x00000007c0000000)
  eden space 1055232K, 100% used [0x000000076ab00000,0x00000007ab180000,0x00000007ab180000)
  from space 5120K, 37% used [0x00000007ab180000,0x00000007ab362d80,0x00000007ab680000)
  to   space 5120K, 0% used [0x00000007acd00000,0x00000007acd00000,0x00000007ad200000)
 ParOldGen       total 1264128K, used 1132677K [0x00000006c0000000, 0x000000070d280000, 0x000000076ab00000)
  object space 1264128K, 89% used [0x00000006c0000000,0x00000007052214f0,0x000000070d280000)
 Metaspace       used 13578K, capacity 14106K, committed 14464K, reserved 1062912K
  class space    used 1404K, capacity 1545K, committed 1664K, reserved 1048576K
Event: 78.270 GC heap after
Heap after GC invocations=135 (full 9):
 PSYoungGen      total 1083904K, used 1632K [0x000000076ab00000, 0x00000007ad380000, 0x00000007c0000000)
  eden space 1078784K, 0% used [0x000000076ab00000,0x000000076ab00000,0x00000007ac880000)
  from space 5120K, 31% used [0x00000007acd00000,0x00000007ace98000,0x00000007ad200000)
  to   space 4608K, 0% used [0x00000007ac880000,0x00000007ac880000,0x00000007acd00000)
 ParOldGen       total 1264128K, used 1132701K [0x00000006c0000000, 0x000000070d280000, 0x000000076ab00000)
  object space 1264128K, 89% used [0x00000006c0000000,0x00000007052274f0,0x000000070d280000)
 Metaspace       used 13578K, capacity 14106K, committed 14464K, reserved 1062912K
  class space    used 1404K, capacity 1545K, committed 1664K, reserved 1048576K
}
Event: 80.841 GC heap before
{Heap before GC invocations=136 (full 9):
 PSYoungGen      total 1083904K, used 1080416K [0x000000076ab00000, 0x00000007ad380000, 0x00000007c0000000)
  eden space 1078784K, 100% used [0x000000076ab00000,0x00000007ac880000,0x00000007ac880000)
  from space 5120K, 31% used [0x00000007acd00000,0x00000007ace98000,0x00000007ad200000)
  to   space 4608K, 0% used [0x00000007ac880000,0x00000007ac880000,0x00000007acd00000)
 ParOldGen       total 1264128K, used 1132701K [0x00000006c0000000, 0x000000070d280000, 0x000000076ab00000)
  object space 1264128K, 89% used [0x00000006c0000000,0x00000007052274f0,0x000000070d280000)
 Metaspace       used 13580K, capacity 14106K, committed 14464K, reserved 1062912K
  class space    used 1404K, capacity 1545K, committed 1664K, reserved 1048576K
Event: 81.478 GC heap after
Heap after GC invocations=136 (full 9):
 PSYoungGen      total 1083392K, used 1248K [0x000000076ab00000, 0x00000007af380000, 0x00000007c0000000)
  eden space 1078784K, 0% used [0x000000076ab00000,0x000000076ab00000,0x00000007ac880000)
  from space 4608K, 27% used [0x00000007ac880000,0x00000007ac9b8000,0x00000007acd00000)
  to   space 4608K, 0% used [0x00000007aef00000,0x00000007aef00000,0x00000007af380000)
 ParOldGen       total 1264128K, used 1132725K [0x00000006c0000000, 0x000000070d280000, 0x000000076ab00000)
  object space 1264128K, 89% used [0x00000006c0000000,0x000000070522d4f0,0x000000070d280000)
 Metaspace       used 13580K, capacity 14106K, committed 14464K, reserved 1062912K
  class space    used 1404K, capacity 1545K, committed 1664K, reserved 1048576K
}
Event: 89.954 GC heap before
{Heap before GC invocations=137 (full 9):
 PSYoungGen      total 1083392K, used 1080032K [0x000000076ab00000, 0x00000007af380000, 0x00000007c0000000)
  eden space 1078784K, 100% used [0x000000076ab00000,0x00000007ac880000,0x00000007ac880000)
  from space 4608K, 27% used [0x00000007ac880000,0x00000007ac9b8000,0x00000007acd00000)
  to   space 4608K, 0% used [0x00000007aef00000,0x00000007aef00000,0x00000007af380000)
 ParOldGen       total 1264128K, used 1132725K [0x00000006c0000000, 0x000000070d280000, 0x000000076ab00000)
  object space 1264128K, 89% used [0x00000006c0000000,0x000000070522d4f0,0x000000070d280000)
 Metaspace       used 13580K, capacity 14106K, committed 14464K, reserved 1062912K
  class space    used 1404K, capacity 1545K, committed 1664K, reserved 1048576K
Event: 90.008 GC heap after
Heap after GC invocations=137 (full 9):
 PSYoungGen      total 1108480K, used 1808K [0x000000076ab00000, 0x00000007af100000, 0x00000007c0000000)
  eden space 1106432K, 0% used [0x000000076ab00000,0x000000076ab00000,0x00000007ae380000)
  from space 2048K, 88% used [0x00000007aef00000,0x00000007af0c4020,0x00000007af100000)
  to   space 4096K, 0% used [0x00000007ae900000,0x00000007ae900000,0x00000007aed00000)
 ParOldGen       total 1264128K, used 1132733K [0x00000006c0000000, 0x000000070d280000, 0x000000076ab00000)
  object space 1264128K, 89% used [0x00000006c0000000,0x000000070522f4f0,0x000000070d280000)
 Metaspace       used 13580K, capacity 14106K, committed 14464K, reserved 1062912K
  class space    used 1404K, capacity 1545K, committed 1664K, reserved 1048576K
}
Event: 92.077 GC heap before
{Heap before GC invocations=138 (full 9):
 PSYoungGen      total 1108480K, used 1108240K [0x000000076ab00000, 0x00000007af100000, 0x00000007c0000000)
  eden space 1106432K, 100% used [0x000000076ab00000,0x00000007ae380000,0x00000007ae380000)
  from space 2048K, 88% used [0x00000007aef00000,0x00000007af0c4020,0x00000007af100000)
  to   space 4096K, 0% used [0x00000007ae900000,0x00000007ae900000,0x00000007aed00000)
 ParOldGen       total 1264128K, used 1132733K [0x00000006c0000000, 0x000000070d280000, 0x000000076ab00000)
  object space 1264128K, 89% used [0x00000006c0000000,0x000000070522f4f0,0x000000070d280000)
 Metaspace       used 13581K, capacity 14106K, committed 14464K, reserved 1062912K
  class space    used 1404K, capacity 1545K, committed 1664K, reserved 1048576K

Deoptimization events (10 events):
Event: 63.791 Thread 0x00007fc468016800 Uncommon trap: reason=unstable_if action=reinterpret pc=0x00007fc4c0717e9c method=edu.stanford.nlp.process.WordShapeClassifier.chris4equivalenceClass(C)C @ 125
Event: 65.434 Thread 0x00007fc474007000 Uncommon trap: reason=class_check action=maybe_recompile pc=0x00007fc4c088fcc0 method=java.util.LinkedHashMap.afterNodeInsertion(Z)V @ 15
Event: 70.361 Thread 0x00007fc468016800 Uncommon trap: reason=unstable_if action=reinterpret pc=0x00007fc4c0963ecc method=java.lang.CharacterData00.isWhitespace(I)Z @ 14
Event: 70.365 Thread 0x00007fc468016800 Uncommon trap: reason=unstable_if action=reinterpret pc=0x00007fc4c05d4340 method=java.lang.CharacterData00.isWhitespace(I)Z @ 14
Event: 71.219 Thread 0x00007fc468016800 Uncommon trap: reason=unstable_if action=reinterpret pc=0x00007fc4c05faddc method=edu.stanford.nlp.process.WordShapeClassifier.chris4equivalenceClass(C)C @ 200
Event: 71.219 Thread 0x00007fc468016800 Uncommon trap: reason=unstable_if action=reinterpret pc=0x00007fc4c0b8a848 method=edu.stanford.nlp.process.WordShapeClassifier.chris4equivalenceClass(C)C @ 200
Event: 74.545 Thread 0x00007fc4d02f1800 Uncommon trap: reason=unstable_if action=reinterpret pc=0x00007fc4c06cbf6c method=java.util.HashMap.removeNode(ILjava/lang/Object;Ljava/lang/Object;ZZ)Ljava/util/HashMap$Node; @ 46
Event: 76.323 Thread 0x00007fc474007000 Uncommon trap: reason=unstable_if action=reinterpret pc=0x00007fc4c07d6350 method=sun.nio.cs.UTF_8$Encoder.encodeArrayLoop(Ljava/nio/CharBuffer;Ljava/nio/ByteBuffer;)Ljava/nio/charset/CoderResult; @ 166
Event: 76.586 Thread 0x00007fc468016800 Uncommon trap: reason=unstable_if action=reinterpret pc=0x00007fc4c08c4148 method=edu.stanford.nlp.process.WordShapeClassifier.chris4equivalenceClass(C)C @ 185
Event: 76.588 Thread 0x00007fc468016800 Uncommon trap: reason=unstable_if action=reinterpret pc=0x00007fc4c0a00f20 method=edu.stanford.nlp.process.WordShapeClassifier.chris4equivalenceClass(C)C @ 185

Classes redefined (0 events):
No events

Internal exceptions (10 events):
Event: 45.487 Thread 0x00007fc46c159800 Implicit null exception at 0x00007fc4c07433f5 to 0x00007fc4c0743609
Event: 45.487 Thread 0x00007fc46c159800 Implicit null exception at 0x00007fc4c05f35ef to 0x00007fc4c05f3659
Event: 45.525 Thread 0x00007fc46c159800 Exception <a 'java/lang/NoSuchMethodError': java.lang.Object.lambda$static$226(Ljava/util/regex/MatchResult;Ljava/util/regex/MatchResult;)I> (0x000000076b896f10) thrown at [/HUDSON/workspace/8-2-build-linux-amd64/jdk8u171/10807/hotspot/src/share/vm/interp
Event: 45.527 Thread 0x00007fc46c159800 Exception <a 'java/lang/NoSuchMethodError': java.lang.Object.lambda$static$227(Ljava/util/regex/MatchResult;Ljava/util/regex/MatchResult;)I> (0x000000076b89a2c8) thrown at [/HUDSON/workspace/8-2-build-linux-amd64/jdk8u171/10807/hotspot/src/share/vm/interp
Event: 45.528 Thread 0x00007fc46c159800 Exception <a 'java/lang/NoSuchMethodError': java.lang.Object.lambda$static$228(Ljava/util/regex/MatchResult;Ljava/util/regex/MatchResult;)I> (0x000000076b89d0e8) thrown at [/HUDSON/workspace/8-2-build-linux-amd64/jdk8u171/10807/hotspot/src/share/vm/interp
Event: 45.528 Thread 0x00007fc46c159800 Exception <a 'java/lang/NoSuchMethodError': java.lang.Object.lambda$static$229(Ljava/util/regex/MatchResult;Ljava/util/regex/MatchResult;)I> (0x000000076b89ff08) thrown at [/HUDSON/workspace/8-2-build-linux-amd64/jdk8u171/10807/hotspot/src/share/vm/interp
Event: 45.529 Thread 0x00007fc46c159800 Exception <a 'java/lang/NoSuchMethodError': java.lang.Object.lambda$static$230(Ljava/util/regex/MatchResult;Ljava/util/regex/MatchResult;)I> (0x000000076b8a2d28) thrown at [/HUDSON/workspace/8-2-build-linux-amd64/jdk8u171/10807/hotspot/src/share/vm/interp
Event: 45.543 Thread 0x00007fc46c159800 Exception <a 'java/lang/NoSuchMethodError': java.lang.Object.lambda$static$231(Ljava/util/regex/MatchResult;)D> (0x000000076b8b4428) thrown at [/HUDSON/workspace/8-2-build-linux-amd64/jdk8u171/10807/hotspot/src/share/vm/interpreter/linkResolver.cpp, line 
Event: 48.045 Thread 0x00007fc4d02f1800 Implicit null exception at 0x00007fc4c06263b6 to 0x00007fc4c06265ed
Event: 53.290 Thread 0x00007fc46c159800 Implicit null exception at 0x00007fc4c0916ddf to 0x00007fc4c09173c8

Events (10 events):
Event: 80.741 Executing VM operation: ParallelGCFailedAllocation
Event: 81.582 Executing VM operation: ParallelGCFailedAllocation done
Event: 83.620 Thread 0x00007fc464003800 DEOPT PACKING pc=0x00007fc4c0b52919 sp=0x00007fc4afffe070
Event: 83.815 Thread 0x00007fc464003800 DEOPT UNPACKING pc=0x00007fc4c03bf784 sp=0x00007fc4afffde20 mode 0
Event: 89.952 Executing VM operation: ParallelGCFailedAllocation
Event: 90.008 Executing VM operation: ParallelGCFailedAllocation done
Event: 90.151 Thread 0x00007fc4d00bf000 flushing nmethod 0x00007fc4c0488890
Event: 90.151 Thread 0x00007fc4d00bf000 flushing nmethod 0x00007fc4c04a3e90
Event: 90.151 Thread 0x00007fc4d00bf000 flushing nmethod 0x00007fc4c04a4850
Event: 90.794 Executing VM operation: ParallelGCFailedAllocation


Dynamic libraries:
00400000-00401000 r-xp 00000000 fd:00 6038903                            /usr/lib/jvm/java-8-oracle/jre/bin/java
00600000-00601000 rw-p 00000000 fd:00 6038903                            /usr/lib/jvm/java-8-oracle/jre/bin/java
01fba000-01fdb000 rw-p 00000000 00:00 0                                  [heap]
6c0000000-70d280000 rw-p 00000000 00:00 0 
70d280000-76ab00000 ---p 00000000 00:00 0 
76ab00000-7af100000 rw-p 00000000 00:00 0 
7b3580000-7c0000000 ---p 00000000 00:00 0 
7c0000000-7c01a0000 rw-p 00000000 00:00 0 
7c01a0000-800000000 ---p 00000000 00:00 0 
7fc450000000-7fc450021000 rw-p 00000000 00:00 0 
7fc450021000-7fc454000000 ---p 00000000 00:00 0 
7fc454000000-7fc454255000 rw-p 00000000 00:00 0 
7fc454255000-7fc458000000 ---p 00000000 00:00 0 
7fc458000000-7fc458021000 rw-p 00000000 00:00 0 
7fc458021000-7fc45c000000 ---p 00000000 00:00 0 
7fc45c000000-7fc45c298000 rw-p 00000000 00:00 0 
7fc45c298000-7fc460000000 ---p 00000000 00:00 0 
7fc460000000-7fc460047000 rw-p 00000000 00:00 0 
7fc460047000-7fc464000000 ---p 00000000 00:00 0 
7fc464000000-7fc46406d000 rw-p 00000000 00:00 0 
7fc46406d000-7fc468000000 ---p 00000000 00:00 0 
7fc468000000-7fc468059000 rw-p 00000000 00:00 0 
7fc468059000-7fc46c000000 ---p 00000000 00:00 0 
7fc46c000000-7fc46c298000 rw-p 00000000 00:00 0 
7fc46c298000-7fc470000000 ---p 00000000 00:00 0 
7fc470000000-7fc470021000 rw-p 00000000 00:00 0 
7fc470021000-7fc474000000 ---p 00000000 00:00 0 
7fc474000000-7fc474021000 rw-p 00000000 00:00 0 
7fc474021000-7fc478000000 ---p 00000000 00:00 0 
7fc478000000-7fc478021000 rw-p 00000000 00:00 0 
7fc478021000-7fc47c000000 ---p 00000000 00:00 0 
7fc47c000000-7fc47c021000 rw-p 00000000 00:00 0 
7fc47c021000-7fc480000000 ---p 00000000 00:00 0 
7fc480000000-7fc4818a7000 rw-p 00000000 00:00 0 
7fc4818a7000-7fc484000000 ---p 00000000 00:00 0 
7fc484000000-7fc4852f6000 rw-p 00000000 00:00 0 
7fc4852f6000-7fc488000000 ---p 00000000 00:00 0 
7fc488000000-7fc488021000 rw-p 00000000 00:00 0 
7fc488021000-7fc48c000000 ---p 00000000 00:00 0 
7fc48c000000-7fc48d639000 rw-p 00000000 00:00 0 
7fc48d639000-7fc490000000 ---p 00000000 00:00 0 
7fc490000000-7fc490021000 rw-p 00000000 00:00 0 
7fc490021000-7fc494000000 ---p 00000000 00:00 0 
7fc494000000-7fc494021000 rw-p 00000000 00:00 0 
7fc494021000-7fc498000000 ---p 00000000 00:00 0 
7fc498000000-7fc4a0000000 rw-p 00000000 00:00 0 
7fc4a0000000-7fc4a077f000 rw-p 00000000 00:00 0 
7fc4a077f000-7fc4a4000000 ---p 00000000 00:00 0 
7fc4a4000000-7fc4a4292000 rw-p 00000000 00:00 0 
7fc4a4292000-7fc4a8000000 ---p 00000000 00:00 0 
7fc4a8000000-7fc4a84d7000 rw-p 00000000 00:00 0 
7fc4a84d7000-7fc4ac000000 ---p 00000000 00:00 0 
7fc4af9fe000-7fc4afa7e000 rw-p 00000000 00:00 0 
7fc4afa7e000-7fc4afbfe000 ---p 00000000 00:00 0 
7fc4afbfe000-7fc4afdfe000 rw-p 00000000 00:00 0 
7fc4afdfe000-7fc4afe01000 ---p 00000000 00:00 0 
7fc4afe01000-7fc4afeff000 rw-p 00000000 00:00 0 
7fc4afeff000-7fc4aff02000 ---p 00000000 00:00 0 
7fc4aff02000-7fc4b0000000 rw-p 00000000 00:00 0 
7fc4b0000000-7fc4b080e000 rw-p 00000000 00:00 0 
7fc4b080e000-7fc4b4000000 ---p 00000000 00:00 0 
7fc4b40ed000-7fc4b40f0000 ---p 00000000 00:00 0 
7fc4b40f0000-7fc4b41ee000 rw-p 00000000 00:00 0 
7fc4b41ee000-7fc4b41f1000 ---p 00000000 00:00 0 
7fc4b41f1000-7fc4b44ef000 rw-p 00000000 00:00 0 
7fc4b44ef000-7fc4b44f2000 ---p 00000000 00:00 0 
7fc4b44f2000-7fc4b45f0000 rw-p 00000000 00:00 0 
7fc4b45f0000-7fc4b45f3000 ---p 00000000 00:00 0 
7fc4b45f3000-7fc4b46f1000 rw-p 00000000 00:00 0 
7fc4b46f1000-7fc4b46f4000 ---p 00000000 00:00 0 
7fc4b46f4000-7fc4b47f2000 rw-p 00000000 00:00 0 
7fc4b47f2000-7fc4b47f5000 ---p 00000000 00:00 0 
7fc4b47f5000-7fc4b48f3000 rw-p 00000000 00:00 0 
7fc4b48f3000-7fc4b48f6000 ---p 00000000 00:00 0 
7fc4b48f6000-7fc4b49f4000 rw-p 00000000 00:00 0 
7fc4b49f4000-7fc4b49f7000 ---p 00000000 00:00 0 
7fc4b49f7000-7fc4b4af5000 rw-p 00000000 00:00 0 
7fc4b4af5000-7fc4b4b06000 r-xp 00000000 fd:00 6170858                    /usr/lib/jvm/java-8-oracle/jre/lib/amd64/libnio.so
7fc4b4b06000-7fc4b4d05000 ---p 00011000 fd:00 6170858                    /usr/lib/jvm/java-8-oracle/jre/lib/amd64/libnio.so
7fc4b4d05000-7fc4b4d06000 rw-p 00010000 fd:00 6170858                    /usr/lib/jvm/java-8-oracle/jre/lib/amd64/libnio.so
7fc4b4d06000-7fc4b7d07000 rw-p 00000000 00:00 0 
7fc4b7d07000-7fc4b7d1d000 r-xp 00000000 fd:00 6170855                    /usr/lib/jvm/java-8-oracle/jre/lib/amd64/libnet.so
7fc4b7d1d000-7fc4b7f1d000 ---p 00016000 fd:00 6170855                    /usr/lib/jvm/java-8-oracle/jre/lib/amd64/libnet.so
7fc4b7f1d000-7fc4b7f1e000 rw-p 00016000 fd:00 6170855                    /usr/lib/jvm/java-8-oracle/jre/lib/amd64/libnet.so
7fc4b7f1e000-7fc4b7f40000 r--s 004f4000 fd:00 10095146                   /home/shulie8518/Workspace/Summarize_People/Tools/stanford-corenlp-full-2018-02-27/stanford-corenlp-3.9.1-sources.jar
7fc4b7f40000-7fc4b7f46000 r--s 159c1000 fd:00 10095173                   /home/shulie8518/Workspace/Summarize_People/Tools/stanford-corenlp-full-2018-02-27/stanford-corenlp-3.9.1-models.jar
7fc4b7f46000-7fc4b7f4b000 r--s 00030000 fd:00 10095199                   /home/shulie8518/Workspace/Summarize_People/Tools/stanford-corenlp-full-2018-02-27/jollyday.jar
7fc4b7f4b000-7fc4b7f8b000 r--s 008f6000 fd:00 10095170                   /home/shulie8518/Workspace/Summarize_People/Tools/stanford-corenlp-full-2018-02-27/stanford-corenlp-3.9.1-javadoc.jar
7fc4b7f8b000-7fc4b7f90000 r--s 3c976000 fd:00 10095209                   /home/shulie8518/Workspace/Summarize_People/Tools/stanford-corenlp-full-2018-02-27/stanford-chinese-corenlp-2018-02-27-models.jar
7fc4b7f90000-7fc4b7f95000 r--s 0002c000 fd:00 10095118                   /home/shulie8518/Workspace/Summarize_People/Tools/stanford-corenlp-full-2018-02-27/jollyday-0.4.9-sources.jar
7fc4b7f95000-7fc4b7f9d000 r--s 0009d000 fd:00 10095115                   /home/shulie8518/Workspace/Summarize_People/Tools/stanford-corenlp-full-2018-02-27/xom-1.2.10-src.jar
7fc4b7f9d000-7fc4b7fae000 r--s 00089000 fd:00 10095167                   /home/shulie8518/Workspace/Summarize_People/Tools/stanford-corenlp-full-2018-02-27/joda-time.jar
7fc4b7fae000-7fc4b8000000 r--s 00766000 fd:00 10095143                   /home/shulie8518/Workspace/Summarize_People/Tools/stanford-corenlp-full-2018-02-27/stanford-corenlp-3.9.1.jar
7fc4b8000000-7fc4b9930000 rw-p 00000000 00:00 0 
7fc4b9930000-7fc4bc000000 ---p 00000000 00:00 0 
7fc4bc001000-7fc4bc004000 r--s 00012000 fd:00 10095181                   /home/shulie8518/Workspace/Summarize_People/Tools/stanford-corenlp-full-2018-02-27/javax.json.jar
7fc4bc004000-7fc4bc005000 ---p 00000000 00:00 0 
7fc4bc005000-7fc4bc105000 rw-p 00000000 00:00 0 
7fc4bc105000-7fc4bc108000 ---p 00000000 00:00 0 
7fc4bc108000-7fc4bc206000 rw-p 00000000 00:00 0 
7fc4bc206000-7fc4bc209000 ---p 00000000 00:00 0 
7fc4bc209000-7fc4bc307000 rw-p 00000000 00:00 0 
7fc4bc307000-7fc4bc30a000 ---p 00000000 00:00 0 
7fc4bc30a000-7fc4bc408000 rw-p 00000000 00:00 0 
7fc4bc408000-7fc4bc40b000 ---p 00000000 00:00 0 
7fc4bc40b000-7fc4bc509000 rw-p 00000000 00:00 0 
7fc4bc509000-7fc4bc50c000 ---p 00000000 00:00 0 
7fc4bc50c000-7fc4bc60a000 rw-p 00000000 00:00 0 
7fc4bc60a000-7fc4bc928000 r--p 00000000 fd:00 5768882                    /usr/lib/locale/locale-archive
7fc4bc928000-7fc4bc92b000 ---p 00000000 00:00 0 
7fc4bc92b000-7fc4bca29000 rw-p 00000000 00:00 0 
7fc4bca29000-7fc4bca2c000 ---p 00000000 00:00 0 
7fc4bca2c000-7fc4bcb2a000 rw-p 00000000 00:00 0 
7fc4bcb2a000-7fc4bcb2b000 ---p 00000000 00:00 0 
7fc4bcb2b000-7fc4bdc0d000 rw-p 00000000 00:00 0 
7fc4bdc0d000-7fc4bdde7000 r--s 03d68000 fd:00 6045824                    /usr/lib/jvm/java-8-oracle/jre/lib/rt.jar
7fc4bdde7000-7fc4bee5d000 rw-p 00000000 00:00 0 
7fc4bee5d000-7fc4bee5e000 ---p 00000000 00:00 0 
7fc4bee5e000-7fc4bef5e000 rw-p 00000000 00:00 0 
7fc4bef5e000-7fc4bef5f000 ---p 00000000 00:00 0 
7fc4bef5f000-7fc4bf05f000 rw-p 00000000 00:00 0 
7fc4bf05f000-7fc4bf060000 ---p 00000000 00:00 0 
7fc4bf060000-7fc4bf160000 rw-p 00000000 00:00 0 
7fc4bf160000-7fc4bf161000 ---p 00000000 00:00 0 
7fc4bf161000-7fc4bf4cb000 rw-p 00000000 00:00 0 
7fc4bf4cb000-7fc4bf7b7000 ---p 00000000 00:00 0 
7fc4bf7b7000-7fc4bfa21000 rw-p 00000000 00:00 0 
7fc4bfa21000-7fc4bfd0c000 ---p 00000000 00:00 0 
7fc4bfd0c000-7fc4bff30000 rw-p 00000000 00:00 0 
7fc4bff30000-7fc4bffb7000 ---p 00000000 00:00 0 
7fc4bffb7000-7fc4bffe1000 rw-p 00000000 00:00 0 
7fc4bffe1000-7fc4c0378000 ---p 00000000 00:00 0 
7fc4c0378000-7fc4c0d88000 rwxp 00000000 00:00 0 
7fc4c0d88000-7fc4cf378000 ---p 00000000 00:00 0 
7fc4cf378000-7fc4cf393000 r-xp 00000000 fd:00 6170851                    /usr/lib/jvm/java-8-oracle/jre/lib/amd64/libzip.so
7fc4cf393000-7fc4cf593000 ---p 0001b000 fd:00 6170851                    /usr/lib/jvm/java-8-oracle/jre/lib/amd64/libzip.so
7fc4cf593000-7fc4cf594000 rw-p 0001b000 fd:00 6170851                    /usr/lib/jvm/java-8-oracle/jre/lib/amd64/libzip.so
7fc4cf594000-7fc4cf59f000 r-xp 00000000 fd:00 4199121                    /lib/x86_64-linux-gnu/libnss_files-2.23.so
7fc4cf59f000-7fc4cf79e000 ---p 0000b000 fd:00 4199121                    /lib/x86_64-linux-gnu/libnss_files-2.23.so
7fc4cf79e000-7fc4cf79f000 r--p 0000a000 fd:00 4199121                    /lib/x86_64-linux-gnu/libnss_files-2.23.so
7fc4cf79f000-7fc4cf7a0000 rw-p 0000b000 fd:00 4199121                    /lib/x86_64-linux-gnu/libnss_files-2.23.so
7fc4cf7a0000-7fc4cf7a6000 rw-p 00000000 00:00 0 
7fc4cf7a6000-7fc4cf7b1000 r-xp 00000000 fd:00 4199125                    /lib/x86_64-linux-gnu/libnss_nis-2.23.so
7fc4cf7b1000-7fc4cf9b0000 ---p 0000b000 fd:00 4199125                    /lib/x86_64-linux-gnu/libnss_nis-2.23.so
7fc4cf9b0000-7fc4cf9b1000 r--p 0000a000 fd:00 4199125                    /lib/x86_64-linux-gnu/libnss_nis-2.23.so
7fc4cf9b1000-7fc4cf9b2000 rw-p 0000b000 fd:00 4199125                    /lib/x86_64-linux-gnu/libnss_nis-2.23.so
7fc4cf9b2000-7fc4cf9c8000 r-xp 00000000 fd:00 4198679                    /lib/x86_64-linux-gnu/libnsl-2.23.so
7fc4cf9c8000-7fc4cfbc7000 ---p 00016000 fd:00 4198679                    /lib/x86_64-linux-gnu/libnsl-2.23.so
7fc4cfbc7000-7fc4cfbc8000 r--p 00015000 fd:00 4198679                    /lib/x86_64-linux-gnu/libnsl-2.23.so
7fc4cfbc8000-7fc4cfbc9000 rw-p 00016000 fd:00 4198679                    /lib/x86_64-linux-gnu/libnsl-2.23.so
7fc4cfbc9000-7fc4cfbcb000 rw-p 00000000 00:00 0 
7fc4cfbcb000-7fc4cfbd3000 r-xp 00000000 fd:00 4199116                    /lib/x86_64-linux-gnu/libnss_compat-2.23.so
7fc4cfbd3000-7fc4cfdd2000 ---p 00008000 fd:00 4199116                    /lib/x86_64-linux-gnu/libnss_compat-2.23.so
7fc4cfdd2000-7fc4cfdd3000 r--p 00007000 fd:00 4199116                    /lib/x86_64-linux-gnu/libnss_compat-2.23.so
7fc4cfdd3000-7fc4cfdd4000 rw-p 00008000 fd:00 4199116                    /lib/x86_64-linux-gnu/libnss_compat-2.23.so
7fc4cfdd4000-7fc4cfdff000 r-xp 00000000 fd:00 6170845                    /usr/lib/jvm/java-8-oracle/jre/lib/amd64/libjava.so
7fc4cfdff000-7fc4cfffe000 ---p 0002b000 fd:00 6170845                    /usr/lib/jvm/java-8-oracle/jre/lib/amd64/libjava.so
7fc4cfffe000-7fc4d0000000 rw-p 0002a000 fd:00 6170845                    /usr/lib/jvm/java-8-oracle/jre/lib/amd64/libjava.so
7fc4d0000000-7fc4d02f5000 rw-p 00000000 00:00 0 
7fc4d02f5000-7fc4d4000000 ---p 00000000 00:00 0 
7fc4d4002000-7fc4d4004000 r--s 0000c000 fd:00 10095153                   /home/shulie8518/Workspace/Summarize_People/Tools/stanford-corenlp-full-2018-02-27/javax.json-api-1.0-sources.jar
7fc4d4004000-7fc4d400b000 r--s 00046000 fd:00 10095168                   /home/shulie8518/Workspace/Summarize_People/Tools/stanford-corenlp-full-2018-02-27/xom.jar
7fc4d400b000-7fc4d402c000 rw-p 00000000 00:00 0 
7fc4d402c000-7fc4d4039000 r-xp 00000000 fd:00 6170850                    /usr/lib/jvm/java-8-oracle/jre/lib/amd64/libverify.so
7fc4d4039000-7fc4d4239000 ---p 0000d000 fd:00 6170850                    /usr/lib/jvm/java-8-oracle/jre/lib/amd64/libverify.so
7fc4d4239000-7fc4d423b000 rw-p 0000d000 fd:00 6170850                    /usr/lib/jvm/java-8-oracle/jre/lib/amd64/libverify.so
7fc4d423b000-7fc4d4242000 r-xp 00000000 fd:00 4199126                    /lib/x86_64-linux-gnu/librt-2.23.so
7fc4d4242000-7fc4d4441000 ---p 00007000 fd:00 4199126                    /lib/x86_64-linux-gnu/librt-2.23.so
7fc4d4441000-7fc4d4442000 r--p 00006000 fd:00 4199126                    /lib/x86_64-linux-gnu/librt-2.23.so
7fc4d4442000-7fc4d4443000 rw-p 00007000 fd:00 4199126                    /lib/x86_64-linux-gnu/librt-2.23.so
7fc4d4443000-7fc4d454b000 r-xp 00000000 fd:00 4194330                    /lib/x86_64-linux-gnu/libm-2.23.so
7fc4d454b000-7fc4d474a000 ---p 00108000 fd:00 4194330                    /lib/x86_64-linux-gnu/libm-2.23.so
7fc4d474a000-7fc4d474b000 r--p 00107000 fd:00 4194330                    /lib/x86_64-linux-gnu/libm-2.23.so
7fc4d474b000-7fc4d474c000 rw-p 00108000 fd:00 4194330                    /lib/x86_64-linux-gnu/libm-2.23.so
7fc4d474c000-7fc4d5425000 r-xp 00000000 fd:00 6170827                    /usr/lib/jvm/java-8-oracle/jre/lib/amd64/server/libjvm.so
7fc4d5425000-7fc4d5624000 ---p 00cd9000 fd:00 6170827                    /usr/lib/jvm/java-8-oracle/jre/lib/amd64/server/libjvm.so
7fc4d5624000-7fc4d56fe000 rw-p 00cd8000 fd:00 6170827                    /usr/lib/jvm/java-8-oracle/jre/lib/amd64/server/libjvm.so
7fc4d56fe000-7fc4d5749000 rw-p 00000000 00:00 0 
7fc4d5749000-7fc4d5909000 r-xp 00000000 fd:00 4198682                    /lib/x86_64-linux-gnu/libc-2.23.so
7fc4d5909000-7fc4d5b09000 ---p 001c0000 fd:00 4198682                    /lib/x86_64-linux-gnu/libc-2.23.so
7fc4d5b09000-7fc4d5b0d000 r--p 001c0000 fd:00 4198682                    /lib/x86_64-linux-gnu/libc-2.23.so
7fc4d5b0d000-7fc4d5b0f000 rw-p 001c4000 fd:00 4198682                    /lib/x86_64-linux-gnu/libc-2.23.so
7fc4d5b0f000-7fc4d5b13000 rw-p 00000000 00:00 0 
7fc4d5b13000-7fc4d5b16000 r-xp 00000000 fd:00 4198932                    /lib/x86_64-linux-gnu/libdl-2.23.so
7fc4d5b16000-7fc4d5d15000 ---p 00003000 fd:00 4198932                    /lib/x86_64-linux-gnu/libdl-2.23.so
7fc4d5d15000-7fc4d5d16000 r--p 00002000 fd:00 4198932                    /lib/x86_64-linux-gnu/libdl-2.23.so
7fc4d5d16000-7fc4d5d17000 rw-p 00003000 fd:00 4198932                    /lib/x86_64-linux-gnu/libdl-2.23.so
7fc4d5d17000-7fc4d5d2d000 r-xp 00000000 fd:00 6170822                    /usr/lib/jvm/java-8-oracle/jre/lib/amd64/jli/libjli.so
7fc4d5d2d000-7fc4d5f2c000 ---p 00016000 fd:00 6170822                    /usr/lib/jvm/java-8-oracle/jre/lib/amd64/jli/libjli.so
7fc4d5f2c000-7fc4d5f2d000 rw-p 00015000 fd:00 6170822                    /usr/lib/jvm/java-8-oracle/jre/lib/amd64/jli/libjli.so
7fc4d5f2d000-7fc4d5f45000 r-xp 00000000 fd:00 4198681                    /lib/x86_64-linux-gnu/libpthread-2.23.so
7fc4d5f45000-7fc4d6144000 ---p 00018000 fd:00 4198681                    /lib/x86_64-linux-gnu/libpthread-2.23.so
7fc4d6144000-7fc4d6145000 r--p 00017000 fd:00 4198681                    /lib/x86_64-linux-gnu/libpthread-2.23.so
7fc4d6145000-7fc4d6146000 rw-p 00018000 fd:00 4198681                    /lib/x86_64-linux-gnu/libpthread-2.23.so
7fc4d6146000-7fc4d614a000 rw-p 00000000 00:00 0 
7fc4d614a000-7fc4d6170000 r-xp 00000000 fd:00 4198680                    /lib/x86_64-linux-gnu/ld-2.23.so
7fc4d6170000-7fc4d6243000 rw-p 00000000 00:00 0 
7fc4d6243000-7fc4d6246000 ---p 00000000 00:00 0 
7fc4d6246000-7fc4d6349000 rw-p 00000000 00:00 0 
7fc4d6349000-7fc4d634a000 r--s 00007000 fd:00 10095172                   /home/shulie8518/Workspace/Summarize_People/Tools/stanford-corenlp-full-2018-02-27/slf4j-api.jar
7fc4d634a000-7fc4d634b000 r--s 00002000 fd:00 10095165                   /home/shulie8518/Workspace/Summarize_People/Tools/stanford-corenlp-full-2018-02-27/slf4j-simple.jar
7fc4d634b000-7fc4d6350000 r--s 0002f000 fd:00 10095174                   /home/shulie8518/Workspace/Summarize_People/Tools/stanford-corenlp-full-2018-02-27/ejml-0.23.jar
7fc4d6350000-7fc4d6356000 r--s 000b8000 fd:00 10095185                   /home/shulie8518/Workspace/Summarize_People/Tools/stanford-corenlp-full-2018-02-27/joda-time-2.9-sources.jar
7fc4d6356000-7fc4d6365000 r--s 0013a000 fd:00 10095154                   /home/shulie8518/Workspace/Summarize_People/Tools/stanford-corenlp-full-2018-02-27/protobuf.jar
7fc4d6365000-7fc4d636d000 rw-s 00000000 fd:00 9571713                    /tmp/hsperfdata_shulie8518/10815
7fc4d636d000-7fc4d636e000 rw-p 00000000 00:00 0 
7fc4d636e000-7fc4d636f000 ---p 00000000 00:00 0 
7fc4d636f000-7fc4d6370000 r--p 00025000 fd:00 4198680                    /lib/x86_64-linux-gnu/ld-2.23.so
7fc4d6370000-7fc4d6371000 rw-p 00026000 fd:00 4198680                    /lib/x86_64-linux-gnu/ld-2.23.so
7fc4d6371000-7fc4d6372000 rw-p 00000000 00:00 0 
7ffcfc629000-7ffcfc64a000 rw-p 00000000 00:00 0                          [stack]
7ffcfc6a7000-7ffcfc6aa000 r--p 00000000 00:00 0                          [vvar]
7ffcfc6aa000-7ffcfc6ac000 r-xp 00000000 00:00 0                          [vdso]
ffffffffff600000-ffffffffff601000 r-xp 00000000 00:00 0                  [vsyscall]

VM Arguments:
jvm_args: -Xmx4g 
java_command: edu.stanford.nlp.pipeline.StanfordCoreNLPServer -port 9003
java_class_path (initial): Tools/stanford-corenlp-full-2018-02-27/protobuf.jar:Tools/stanford-corenlp-full-2018-02-27/stanford-corenlp-3.9.1.jar:Tools/stanford-corenlp-full-2018-02-27/joda-time-2.9-sources.jar:Tools/stanford-corenlp-full-2018-02-27/ejml-0.23.jar:Tools/stanford-corenlp-full-2018-02-27/slf4j-simple.jar:Tools/stanford-corenlp-full-2018-02-27/xom.jar:Tools/stanford-corenlp-full-2018-02-27/joda-time.jar:Tools/stanford-corenlp-full-2018-02-27/xom-1.2.10-src.jar:Tools/stanford-corenlp-full-2018-02-27/jollyday-0.4.9-sources.jar:Tools/stanford-corenlp-full-2018-02-27/slf4j-api.jar:Tools/stanford-corenlp-full-2018-02-27/stanford-chinese-corenlp-2018-02-27-models.jar:Tools/stanford-corenlp-full-2018-02-27/stanford-corenlp-3.9.1-javadoc.jar:Tools/stanford-corenlp-full-2018-02-27/jollyday.jar:Tools/stanford-corenlp-full-2018-02-27/stanford-corenlp-3.9.1-models.jar:Tools/stanford-corenlp-full-2018-02-27/javax.json-api-1.0-sources.jar:Tools/stanford-corenlp-full-2018-02-27/javax.json.jar:Tools/stanford-corenlp-full-2018-02-27/stanford-corenlp-3.9.1-sources.jar
Launcher Type: SUN_STANDARD

Environment Variables:
JAVA_HOME=/usr/lib/jvm/java-8-oracle
PATH=/home/shulie8518/VirtualEnvironment/py3.6/bin:/usr/bin:/home/shulie8518/VirtualEnvironment/py3.6/bin:/home/shulie8518/bin:/home/shulie8518/.local/bin:/usr/local/sbin:/usr/local/bin:/usr/sbin:/usr/bin:/sbin:/bin:/usr/games:/usr/local/games:/snap/bin:/usr/lib/jvm/java-8-oracle/bin:/usr/lib/jvm/java-8-oracle/db/bin:/usr/lib/jvm/java-8-oracle/jre/bin
SHELL=/bin/bash
DISPLAY=:0

Signal Handlers:
SIGSEGV: [libjvm.so+0xad0890], sa_mask[0]=11111111011111111101111111111110, sa_flags=SA_RESTART|SA_SIGINFO
SIGBUS: [libjvm.so+0xad0890], sa_mask[0]=11111111011111111101111111111110, sa_flags=SA_RESTART|SA_SIGINFO
SIGFPE: [libjvm.so+0x928640], sa_mask[0]=11111111011111111101111111111110, sa_flags=SA_RESTART|SA_SIGINFO
SIGPIPE: [libjvm.so+0x928640], sa_mask[0]=11111111011111111101111111111110, sa_flags=SA_RESTART|SA_SIGINFO
SIGXFSZ: [libjvm.so+0x928640], sa_mask[0]=11111111011111111101111111111110, sa_flags=SA_RESTART|SA_SIGINFO
SIGILL: [libjvm.so+0x928640], sa_mask[0]=11111111011111111101111111111110, sa_flags=SA_RESTART|SA_SIGINFO
SIGUSR1: SIG_DFL, sa_mask[0]=00000000000000000000000000000000, sa_flags=none
SIGUSR2: [libjvm.so+0x929ea0], sa_mask[0]=00000000000000000000000000000000, sa_flags=SA_RESTART|SA_SIGINFO
SIGHUP: [libjvm.so+0x92b2a0], sa_mask[0]=11111111011111111101111111111110, sa_flags=SA_RESTART|SA_SIGINFO
SIGINT: [libjvm.so+0x92b2a0], sa_mask[0]=11111111011111111101111111111110, sa_flags=SA_RESTART|SA_SIGINFO
SIGTERM: [libjvm.so+0x92b2a0], sa_mask[0]=11111111011111111101111111111110, sa_flags=SA_RESTART|SA_SIGINFO
SIGQUIT: [libjvm.so+0x92b2a0], sa_mask[0]=11111111011111111101111111111110, sa_flags=SA_RESTART|SA_SIGINFO


---------------  S Y S T E M  ---------------

OS:DISTRIB_ID=LinuxMint
DISTRIB_RELEASE=18.3
DISTRIB_CODENAME=sylvia
DISTRIB_DESCRIPTION="Linux Mint 18.3 Sylvia"

uname:Linux 4.13.0-39-generic #44~16.04.1-Ubuntu SMP Thu Apr 5 16:43:10 UTC 2018 x86_64
libc:glibc 2.23 NPTL 2.23 
rlimit: STACK 8515k, CORE 0k, NPROC 14955, NOFILE 1048576, AS infinity
load average:23.61 8.07 3.74

/proc/meminfo:
MemTotal:        3920924 kB
MemFree:           93568 kB
MemAvailable:       5036 kB
Buffers:             380 kB
Cached:            58708 kB
SwapCached:          116 kB
Active:          2956980 kB
Inactive:         605792 kB
Active(anon):    2953928 kB
Inactive(anon):   600488 kB
Active(file):       3052 kB
Inactive(file):     5304 kB
Unevictable:           0 kB
Mlocked:               0 kB
SwapTotal:       4071420 kB
SwapFree:              0 kB
Dirty:                28 kB
Writeback:             0 kB
AnonPages:       3504052 kB
Mapped:             6236 kB
Shmem:             50280 kB
Slab:             135100 kB
SReclaimable:      52876 kB
SUnreclaim:        82224 kB
KernelStack:       12528 kB
PageTables:        56604 kB
NFS_Unstable:          0 kB
Bounce:                0 kB
WritebackTmp:          0 kB
CommitLimit:     6031880 kB
Committed_AS:   14162168 kB
VmallocTotal:   34359738367 kB
VmallocUsed:           0 kB
VmallocChunk:          0 kB
HardwareCorrupted:     0 kB
AnonHugePages:         0 kB
ShmemHugePages:        0 kB
ShmemPmdMapped:        0 kB
CmaTotal:              0 kB
CmaFree:               0 kB
HugePages_Total:       0
HugePages_Free:        0
HugePages_Rsvd:        0
HugePages_Surp:        0
Hugepagesize:       2048 kB
DirectMap4k:      218920 kB
DirectMap2M:     3856384 kB
DirectMap1G:           0 kB


CPU:total 4 (initial active 4) (2 cores per cpu, 2 threads per core) family 6 model 69 stepping 1, cmov, cx8, fxsr, mmx, sse, sse2, sse3, ssse3, sse4.1, sse4.2, popcnt, avx, avx2, aes, clmul, erms, lzcnt, ht, tsc, tscinvbit, bmi1, bmi2

/proc/cpuinfo:
processor	: 0
vendor_id	: GenuineIntel
cpu family	: 6
model		: 69
model name	: Intel(R) Core(TM) i5-4210U CPU @ 1.70GHz
stepping	: 1
microcode	: 0x23
cpu MHz		: 2394.586
cache size	: 3072 KB
physical id	: 0
siblings	: 4
core id		: 0
cpu cores	: 2
apicid		: 0
initial apicid	: 0
fpu		: yes
fpu_exception	: yes
cpuid level	: 13
wp		: yes
flags		: fpu vme de pse tsc msr pae mce cx8 apic sep mtrr pge mca cmov pat pse36 clflush dts acpi mmx fxsr sse sse2 ss ht tm pbe syscall nx pdpe1gb rdtscp lm constant_tsc arch_perfmon pebs bts rep_good nopl xtopology nonstop_tsc cpuid aperfmperf pni pclmulqdq dtes64 monitor ds_cpl vmx est tm2 ssse3 sdbg fma cx16 xtpr pdcm pcid sse4_1 sse4_2 movbe popcnt tsc_deadline_timer aes xsave avx f16c rdrand lahf_lm abm cpuid_fault epb invpcid_single pti retpoline spec_ctrl tpr_shadow vnmi flexpriority ept vpid fsgsbase tsc_adjust bmi1 avx2 smep bmi2 erms invpcid xsaveopt dtherm ida arat pln pts
bugs		: cpu_meltdown spectre_v1 spectre_v2
bogomips	: 4789.15
clflush size	: 64
cache_alignment	: 64
address sizes	: 39 bits physical, 48 bits virtual
power management:

processor	: 1
vendor_id	: GenuineIntel
cpu family	: 6
model		: 69
model name	: Intel(R) Core(TM) i5-4210U CPU @ 1.70GHz
stepping	: 1
microcode	: 0x23
cpu MHz		: 2394.571
cache size	: 3072 KB
physical id	: 0
siblings	: 4
core id		: 1
cpu cores	: 2
apicid		: 2
initial apicid	: 2
fpu		: yes
fpu_exception	: yes
cpuid level	: 13
wp		: yes
flags		: fpu vme de pse tsc msr pae mce cx8 apic sep mtrr pge mca cmov pat pse36 clflush dts acpi mmx fxsr sse sse2 ss ht tm pbe syscall nx pdpe1gb rdtscp lm constant_tsc arch_perfmon pebs bts rep_good nopl xtopology nonstop_tsc cpuid aperfmperf pni pclmulqdq dtes64 monitor ds_cpl vmx est tm2 ssse3 sdbg fma cx16 xtpr pdcm pcid sse4_1 sse4_2 movbe popcnt tsc_deadline_timer aes xsave avx f16c rdrand lahf_lm abm cpuid_fault epb invpcid_single pti retpoline spec_ctrl tpr_shadow vnmi flexpriority ept vpid fsgsbase tsc_adjust bmi1 avx2 smep bmi2 erms invpcid xsaveopt dtherm ida arat pln pts
bugs		: cpu_meltdown spectre_v1 spectre_v2
bogomips	: 4789.15
clflush size	: 64
cache_alignment	: 64
address sizes	: 39 bits physical, 48 bits virtual
power management:

processor	: 2
vendor_id	: GenuineIntel
cpu family	: 6
model		: 69
model name	: Intel(R) Core(TM) i5-4210U CPU @ 1.70GHz
stepping	: 1
microcode	: 0x23
cpu MHz		: 2394.624
cache size	: 3072 KB
physical id	: 0
siblings	: 4
core id		: 0
cpu cores	: 2
apicid		: 1
initial apicid	: 1
fpu		: yes
fpu_exception	: yes
cpuid level	: 13
wp		: yes
flags		: fpu vme de pse tsc msr pae mce cx8 apic sep mtrr pge mca cmov pat pse36 clflush dts acpi mmx fxsr sse sse2 ss ht tm pbe syscall nx pdpe1gb rdtscp lm constant_tsc arch_perfmon pebs bts rep_good nopl xtopology nonstop_tsc cpuid aperfmperf pni pclmulqdq dtes64 monitor ds_cpl vmx est tm2 ssse3 sdbg fma cx16 xtpr pdcm pcid sse4_1 sse4_2 movbe popcnt tsc_deadline_timer aes xsave avx f16c rdrand lahf_lm abm cpuid_fault epb invpcid_single pti retpoline spec_ctrl tpr_shadow vnmi flexpriority ept vpid fsgsbase tsc_adjust bmi1 avx2 smep bmi2 erms invpcid xsaveopt dtherm ida arat pln pts
bugs		: cpu_meltdown spectre_v1 spectre_v2
bogomips	: 4789.15
clflush size	: 64
cache_alignment	: 64
address sizes	: 39 bits physical, 48 bits virtual
power management:

processor	: 3
vendor_id	: GenuineIntel
cpu family	: 6
model		: 69
model name	: Intel(R) Core(TM) i5-4210U CPU @ 1.70GHz
stepping	: 1
microcode	: 0x23
cpu MHz		: 2394.575
cache size	: 3072 KB
physical id	: 0
siblings	: 4
core id		: 1
cpu cores	: 2
apicid		: 3
initial apicid	: 3
fpu		: yes
fpu_exception	: yes
cpuid level	: 13
wp		: yes
flags		: fpu vme de pse tsc msr pae mce cx8 apic sep mtrr pge mca cmov pat pse36 clflush dts acpi mmx fxsr sse sse2 ss ht tm pbe syscall nx pdpe1gb rdtscp lm constant_tsc arch_perfmon pebs bts rep_good nopl xtopology nonstop_tsc cpuid aperfmperf pni pclmulqdq dtes64 monitor ds_cpl vmx est tm2 ssse3 sdbg fma cx16 xtpr pdcm pcid sse4_1 sse4_2 movbe popcnt tsc_deadline_timer aes xsave avx f16c rdrand lahf_lm abm cpuid_fault epb invpcid_single pti retpoline spec_ctrl tpr_shadow vnmi flexpriority ept vpid fsgsbase tsc_adjust bmi1 avx2 smep bmi2 erms invpcid xsaveopt dtherm ida arat pln pts
bugs		: cpu_meltdown spectre_v1 spectre_v2
bogomips	: 4789.15
clflush size	: 64
cache_alignment	: 64
address sizes	: 39 bits physical, 48 bits virtual
power management:



Memory: 4k page, physical 3920924k(94096k free), swap 4071420k(0k free)

vm_info: Java HotSpot(TM) 64-Bit Server VM (25.171-b11) for linux-amd64 JRE (1.8.0_171-b11), built on Mar 28 2018 17:07:08 by "java_re" with gcc 4.3.0 20080428 (Red Hat 4.3.0-8)

time: Tue Jun 19 00:05:57 2018
elapsed time: 136 seconds (0d 0h 2m 16s)

